app/build/outputs/logs/manifest-merger-debug-report.txt
-- Merging decision tree log ---
manifest
ADDED from src/main/AndroidManifest.xml:16:1-167:12
	package
		ADDED from src/main/AndroidManifest.xml:17:5-30
		INJECTED from src/main/AndroidManifest.xml
		INJECTED from src/main/AndroidManifest.xml
	android:versionName
		INJECTED from src/main/AndroidManifest.xml
		INJECTED from src/main/AndroidManifest.xml
	xmlns:android
		ADDED from src/main/AndroidManifest.xml:16:11-69
	android:versionCode
		INJECTED from src/main/AndroidManifest.xml
		INJECTED from src/main/AndroidManifest.xml
uses-permission#android.permission.INTERNET
ADDED from src/main/AndroidManifest.xml:19:5-67
MERGED from [com.google.android.gms:play-services-gcm:7.8.0] AndroidManifest.xml:22:5-67
	android:name
		ADDED from src/main/AndroidManifest.xml:19:22-64
uses-permission#android.permission.ACCESS_NETWORK_STATE
ADDED from src/main/AndroidManifest.xml:20:5-79
	android:name
		ADDED from src/main/AndroidManifest.xml:20:22-76
uses-permission#android.permission.ACCESS_WIFI_STATE
ADDED from src/main/AndroidManifest.xml:21:5-76
	android:name
		ADDED from src/main/AndroidManifest.xml:21:22-73
uses-permission#android.permission.WAKE_LOCK
ADDED from src/main/AndroidManifest.xml:22:5-67
	android:name
		ADDED from src/main/AndroidManifest.xml:22:22-65
uses-permission#com.google.android.c2dm.permission.RECEIVE
ADDED from src/main/AndroidManifest.xml:23:5-82
MERGED from [com.google.android.gms:play-services-gcm:7.8.0] AndroidManifest.xml:21:5-82
	android:name
		ADDED from src/main/AndroidManifest.xml:23:22-79
permission#com.amazon.mysampleapp.permission.C2D_MESSAGE
ADDED from src/main/AndroidManifest.xml:24:5-25:47
	android:protectionLevel
		ADDED from src/main/AndroidManifest.xml:25:9-44
	android:name
		ADDED from src/main/AndroidManifest.xml:24:17-77
uses-permission#com.amazon.mysampleapp.permission.C2D_MESSAGE
ADDED from src/main/AndroidManifest.xml:26:5-85
	android:name
		ADDED from src/main/AndroidManifest.xml:26:22-82
uses-permission#android.permission.GET_ACCOUNTS
ADDED from src/main/AndroidManifest.xml:27:5-71
	android:name
		ADDED from src/main/AndroidManifest.xml:27:22-68
uses-permission#android.permission.USE_CREDENTIALS
ADDED from src/main/AndroidManifest.xml:28:5-74
	android:name
		ADDED from src/main/AndroidManifest.xml:28:22-71
uses-permission#android.permission.READ_EXTERNAL_STORAGE
ADDED from src/main/AndroidManifest.xml:29:5-80
	android:name
		ADDED from src/main/AndroidManifest.xml:29:22-77
uses-permission#android.permission.WRITE_EXTERNAL_STORAGE
ADDED from src/main/AndroidManifest.xml:30:5-81
	android:name
		ADDED from src/main/AndroidManifest.xml:30:22-78
uses-permission#android.permission.READ_CONTACTS
ADDED from src/main/AndroidManifest.xml:31:5-72
	android:name
		ADDED from src/main/AndroidManifest.xml:31:22-69
application
ADDED from src/main/AndroidManifest.xml:33:5-166:19
MERGED from [com.android.support:appcompat-v7:23.1.0] AndroidManifest.xml:22:5-20
MERGED from [com.google.android.gms:play-services-gcm:7.8.0] AndroidManifest.xml:24:5-20
MERGED from [com.facebook.android:facebook-android-sdk:4.6.0] AndroidManifest.xml:28:5-20
MERGED from [com.google.android.gms:play-services-plus:7.8.0] AndroidManifest.xml:19:5-20
MERGED from [com.google.android.gms:play-services-base:7.8.0] AndroidManifest.xml:20:5-24:19
MERGED from [com.android.support:support-v4:23.1.0] AndroidManifest.xml:22:5-20
	android:label
		ADDED from src/main/AndroidManifest.xml:36:9-41
	android:allowBackup
		ADDED from src/main/AndroidManifest.xml:34:9-35
	android:icon
		ADDED from src/main/AndroidManifest.xml:35:9-43
	android:theme
		ADDED from src/main/AndroidManifest.xml:37:9-40
	android:name
		ADDED from src/main/AndroidManifest.xml:38:9-51
activity#com.mysampleapp.SplashActivity
ADDED from src/main/AndroidManifest.xml:40:9-48:20
	android:label
		ADDED from src/main/AndroidManifest.xml:42:13-45
	android:configChanges
		ADDED from src/main/AndroidManifest.xml:43:13-83
	android:name
		ADDED from src/main/AndroidManifest.xml:41:13-43
intent-filter#android.intent.action.MAIN+android.intent.category.LAUNCHER
ADDED from src/main/AndroidManifest.xml:44:13-47:29
action#android.intent.action.MAIN
ADDED from src/main/AndroidManifest.xml:45:17-69
	android:name
		ADDED from src/main/AndroidManifest.xml:45:25-66
category#android.intent.category.LAUNCHER
ADDED from src/main/AndroidManifest.xml:46:17-77
	android:name
		ADDED from src/main/AndroidManifest.xml:46:27-74
activity#com.mysampleapp.SignInActivity
ADDED from src/main/AndroidManifest.xml:49:9-54:20
	android:label
		ADDED from src/main/AndroidManifest.xml:51:13-59
	android:configChanges
		ADDED from src/main/AndroidManifest.xml:52:13-83
	android:name
		ADDED from src/main/AndroidManifest.xml:50:13-43
activity#com.mysampleapp.MainActivity
ADDED from src/main/AndroidManifest.xml:55:9-58:20
	android:label
		ADDED from src/main/AndroidManifest.xml:57:13-56
	android:name
		ADDED from src/main/AndroidManifest.xml:56:13-41
service#com.amazonaws.mobileconnectors.s3.transferutility.TransferService
ADDED from src/main/AndroidManifest.xml:68:9-124
	android:enabled
		ADDED from src/main/AndroidManifest.xml:68:99-121
	android:name
		ADDED from src/main/AndroidManifest.xml:68:18-98
service#com.amazonaws.mobile.downloader.service.DownloadService
ADDED from src/main/AndroidManifest.xml:70:9-91
	android:name
		ADDED from src/main/AndroidManifest.xml:70:18-88
receiver#com.amazonaws.mobile.downloader.service.NetworkStateListener
ADDED from src/main/AndroidManifest.xml:72:9-78:20
	android:enabled
		ADDED from src/main/AndroidManifest.xml:74:19-42
	android:exported
		ADDED from src/main/AndroidManifest.xml:73:19-43
	android:name
		ADDED from src/main/AndroidManifest.xml:72:19-94
intent-filter#android.net.conn.CONNECTIVITY_CHANGE
ADDED from src/main/AndroidManifest.xml:75:13-77:29
action#android.net.conn.CONNECTIVITY_CHANGE
ADDED from src/main/AndroidManifest.xml:76:17-78
	android:name
		ADDED from src/main/AndroidManifest.xml:76:25-76
provider#com.amazonaws.mobile.downloader.query.DownloadQueueProvider
ADDED from src/main/AndroidManifest.xml:80:9-85:20
	android:authorities
		ADDED from src/main/AndroidManifest.xml:82:13-76
	android:enabled
		ADDED from src/main/AndroidManifest.xml:83:13-35
	android:exported
		ADDED from src/main/AndroidManifest.xml:84:13-37
	android:name
		ADDED from src/main/AndroidManifest.xml:81:6-80
provider#android.support.v4.content.FileProvider
ADDED from src/main/AndroidManifest.xml:87:9-95:20
	android:authorities
		ADDED from src/main/AndroidManifest.xml:89:13-74
	android:grantUriPermissions
		ADDED from src/main/AndroidManifest.xml:91:13-47
	android:exported
		ADDED from src/main/AndroidManifest.xml:90:13-37
	android:name
		ADDED from src/main/AndroidManifest.xml:88:13-67
meta-data#android.support.FILE_PROVIDER_PATHS
ADDED from src/main/AndroidManifest.xml:92:13-94:66
	android:resource
		ADDED from src/main/AndroidManifest.xml:94:17-63
	android:name
		ADDED from src/main/AndroidManifest.xml:93:17-67
activity#com.facebook.FacebookActivity
ADDED from src/main/AndroidManifest.xml:102:9-106:75
	android:label
		ADDED from src/main/AndroidManifest.xml:105:13-45
	android:configChanges
		ADDED from src/main/AndroidManifest.xml:104:13-96
	android:theme
		ADDED from src/main/AndroidManifest.xml:106:13-72
	android:name
		ADDED from src/main/AndroidManifest.xml:103:13-57
meta-data#com.facebook.sdk.ApplicationId
ADDED from src/main/AndroidManifest.xml:107:9-108
	android:value
		ADDED from src/main/AndroidManifest.xml:107:66-105
	android:name
		ADDED from src/main/AndroidManifest.xml:107:20-65
meta-data#com.google.android.gms.version
ADDED from src/main/AndroidManifest.xml:111:9-113:69
MERGED from [com.google.android.gms:play-services-base:7.8.0] AndroidManifest.xml:21:9-23:69
	android:value
		ADDED from src/main/AndroidManifest.xml:113:13-66
	android:name
		ADDED from src/main/AndroidManifest.xml:112:13-58
receiver#com.google.android.gms.gcm.GcmReceiver
ADDED from src/main/AndroidManifest.xml:117:9-125:20
	android:exported
		ADDED from src/main/AndroidManifest.xml:119:13-36
	android:permission
		ADDED from src/main/AndroidManifest.xml:120:13-73
	android:name
		ADDED from src/main/AndroidManifest.xml:118:13-66
intent-filter#@string/google_cloud_messaging_package+com.google.android.c2dm.intent.RECEIVE
ADDED from src/main/AndroidManifest.xml:121:13-124:29
action#com.google.android.c2dm.intent.RECEIVE
ADDED from src/main/AndroidManifest.xml:122:17-81
	android:name
		ADDED from src/main/AndroidManifest.xml:122:25-78
category#@string/google_cloud_messaging_package
ADDED from src/main/AndroidManifest.xml:123:17-83
	android:name
		ADDED from src/main/AndroidManifest.xml:123:27-80
service#com.mysampleapp.PushListenerService
ADDED from src/main/AndroidManifest.xml:127:9-133:19
	android:exported
		ADDED from src/main/AndroidManifest.xml:129:13-37
	android:name
		ADDED from src/main/AndroidManifest.xml:128:13-48
intent-filter#com.google.android.c2dm.intent.RECEIVE
ADDED from src/main/AndroidManifest.xml:130:13-132:29
activity#com.mysampleapp.chatroom.activity.DashBoardActivity
ADDED from src/main/AndroidManifest.xml:137:9-140:20
	android:label
		ADDED from src/main/AndroidManifest.xml:139:13-61
	android:name
		ADDED from src/main/AndroidManifest.xml:138:13-64
activity#com.mysampleapp.chatroom.activity.ChatActivity
ADDED from src/main/AndroidManifest.xml:143:9-146:20
	android:label
		ADDED from src/main/AndroidManifest.xml:145:13-64
	android:name
		ADDED from src/main/AndroidManifest.xml:144:13-59
activity#com.mysampleapp.chatroom.activity.CreateChatRoomActivity
ADDED from src/main/AndroidManifest.xml:147:9-150:20
	android:label
		ADDED from src/main/AndroidManifest.xml:149:13-66
	android:name
		ADDED from src/main/AndroidManifest.xml:148:13-69
activity#com.mysampleapp.chatroom.activity.ContactsSelectionActivity
ADDED from src/main/AndroidManifest.xml:153:9-156:20
	android:label
		ADDED from src/main/AndroidManifest.xml:155:13-60
	android:name
		ADDED from src/main/AndroidManifest.xml:154:13-72
activity#com.mysampleapp.chatroom.activity.SettingsActivity
ADDED from src/main/AndroidManifest.xml:157:9-160:20
	android:label
		ADDED from src/main/AndroidManifest.xml:159:13-60
	android:name
		ADDED from src/main/AndroidManifest.xml:158:13-63
activity#com.mysampleapp.chatroom.activity.LoginActivity
ADDED from src/main/AndroidManifest.xml:161:9-164:20
	android:label
		ADDED from src/main/AndroidManifest.xml:163:13-57
	android:name
		ADDED from src/main/AndroidManifest.xml:162:13-60
uses-sdk
INJECTED from src/main/AndroidManifest.xml reason: use-sdk injection requested
MERGED from [com.android.support:multidex:1.0.1] AndroidManifest.xml:18:5-42
MERGED from [com.android.support:appcompat-v7:23.1.0] AndroidManifest.xml:20:5-43
MERGED from [com.google.android.gms:play-services-gcm:7.8.0] AndroidManifest.xml:18:5-42
MERGED from [com.facebook.android:facebook-android-sdk:4.6.0] AndroidManifest.xml:24:5-26:41
MERGED from [com.google.android.gms:play-services-plus:7.8.0] AndroidManifest.xml:18:5-42
MERGED from [com.google.android.gms:play-services-base:7.8.0] AndroidManifest.xml:18:5-42
MERGED from [com.android.support:support-v4:23.1.0] AndroidManifest.xml:20:5-43
	android:targetSdkVersion
		INJECTED from src/main/AndroidManifest.xml
		INJECTED from src/main/AndroidManifest.xml
	android:minSdkVersion
		INJECTED from src/main/AndroidManifest.xml
		INJECTED from src/main/AndroidManifest.xml